61.0 APEX_CODE,FINEST;APEX_PROFILING,INFO;CALLOUT,INFO;DB,INFO;NBA,INFO;SYSTEM,DEBUG;VALIDATION,INFO;VISUALFORCE,FINER;WAVE,INFO;WORKFLOW,INFO
16:05:55.5 (5750841)|USER_INFO|[EXTERNAL]|005ak000007JgIr|justin.jira.tutorial@1sync.co|(GMT-07:00) Pacific Daylight Time (America/Los_Angeles)|GMT-07:00
16:05:55.5 (5804399)|EXECUTION_STARTED
16:05:55.5 (5830278)|CODE_UNIT_STARTED|[EXTERNAL]|01pak000006zJVJ|JIRAVersionJSON_Test.testParse()
16:05:55.5 (8330833)|VARIABLE_SCOPE_BEGIN|[7]|JIRAVersionJSON_Test.json|String|false|true
16:05:55.5 (8516598)|HEAP_ALLOCATE|[93]|Bytes:3
16:05:55.5 (8557288)|HEAP_ALLOCATE|[98]|Bytes:152
16:05:55.5 (8571868)|HEAP_ALLOCATE|[415]|Bytes:408
16:05:55.5 (8582688)|HEAP_ALLOCATE|[428]|Bytes:408
16:05:55.5 (8592358)|HEAP_ALLOCATE|[536]|Bytes:48
16:05:55.5 (8612839)|HEAP_ALLOCATE|[247]|Bytes:6
16:05:55.5 (8624458)|HEAP_ALLOCATE|[EXTERNAL]|Bytes:5
16:05:55.5 (8636291)|METHOD_ENTRY|[6]|01pak000006zJVJ|JIRAVersionJSON_Test.JIRAVersionJSON_Test()
16:05:55.5 (8640633)|STATEMENT_EXECUTE|[6]
16:05:55.5 (8644550)|STATEMENT_EXECUTE|[6]
16:05:55.5 (8645488)|STATEMENT_EXECUTE|[7]
16:05:55.5 (8647588)|HEAP_ALLOCATE|[7]|Bytes:173
16:05:55.5 (8685312)|VARIABLE_ASSIGNMENT|[7]|JIRAVersionJSON_Test.json|"{  \"archived\": false (153 more) ..."
16:05:55.5 (8691310)|METHOD_EXIT|[6]|JIRAVersionJSON_Test
16:05:55.5 (8715748)|HEAP_ALLOCATE|[68]|Bytes:5
16:05:55.5 (8767465)|HEAP_ALLOCATE|[74]|Bytes:5
16:05:55.5 (8772909)|HEAP_ALLOCATE|[82]|Bytes:7
16:05:55.5 (8806584)|STATEMENT_EXECUTE|[16]
16:05:55.5 (8807753)|STATEMENT_EXECUTE|[18]
16:05:55.5 (10178054)|HEAP_ALLOCATE|[18]|Bytes:2
16:05:55.5 (10195922)|METHOD_ENTRY|[5]|01pak000006zJTh|JIRAVersionJSON.JIRAVersionJSON()
16:05:55.5 (10199054)|STATEMENT_EXECUTE|[5]
16:05:55.5 (10202781)|STATEMENT_EXECUTE|[5]
16:05:55.5 (10205961)|METHOD_EXIT|[5]|JIRAVersionJSON
16:05:55.5 (10228870)|METHOD_ENTRY|[18]|01pak000006zJTh|JIRAVersionJSON.parse(String)
16:05:55.5 (10253059)|VARIABLE_SCOPE_BEGIN|[16]|json|String|false|false
16:05:55.5 (10269879)|VARIABLE_ASSIGNMENT|[16]|json|"{  \"archived\": false (153 more) ..."
16:05:55.5 (10279623)|STATEMENT_EXECUTE|[16]
16:05:55.5 (10281086)|STATEMENT_EXECUTE|[17]
16:05:55.5 (10284387)|HEAP_ALLOCATE|[17]|Bytes:15
16:05:55.5 (10372106)|HEAP_ALLOCATE|[17]|Bytes:30
16:05:55.5 (10379918)|SYSTEM_METHOD_ENTRY|[1]|Type.Type()
16:05:55.5 (10381741)|STATEMENT_EXECUTE|[1]
16:05:55.5 (10386461)|SYSTEM_METHOD_EXIT|[1]|Type
16:05:55.5 (10392649)|HEAP_ALLOCATE|[17]|Bytes:8
16:05:55.5 (10410117)|HEAP_ALLOCATE|[17]|Bytes:8
16:05:55.5 (10413246)|VARIABLE_SCOPE_BEGIN|[4]|this|System.Type|true|false
16:05:55.5 (10441774)|VARIABLE_ASSIGNMENT|[4]|this|{}|0x405d597a
16:05:55.5 (10445033)|VARIABLE_SCOPE_BEGIN|[4]|apextype|java:common.apex.runtime.ApexObjectType|true|false
16:05:55.5 (10753374)|VARIABLE_ASSIGNMENT|[4]|apextype|"JIRAVersionJSON"|0x2e4db601
16:05:55.5 (11355316)|HEAP_ALLOCATE|[17]|Bytes:8
16:05:55.5 (11394790)|HEAP_ALLOCATE|[17]|Bytes:24
16:05:55.5 (11401564)|SYSTEM_METHOD_ENTRY|[1]|JSON.JSON()
16:05:55.5 (11404720)|STATEMENT_EXECUTE|[1]
16:05:55.5 (11409934)|SYSTEM_METHOD_EXIT|[1]|JSON
16:05:55.5 (11424261)|METHOD_ENTRY|[17]||System.JSON.deserialize(String, System.Type)
16:05:55.5 (11722299)|METHOD_EXIT|[17]||System.JSON.deserialize(String, System.Type)
16:05:55.5 (11728474)|METHOD_EXIT|[18]|01pak000006zJTh|JIRAVersionJSON.parse(String)
16:05:55.5 (11732586)|VARIABLE_SCOPE_BEGIN|[18]|obj|JIRAVersionJSON|true|false
16:05:55.5 (11769796)|VARIABLE_ASSIGNMENT|[18]|obj|{"archived":false,"description":"An excellent version","id":"10000","name":"New Version 1","projectId":10000,"released":true,"releaseDate":"2010-07-06"}|0x67c914af
16:05:55.5 (11774375)|STATEMENT_EXECUTE|[19]
16:05:55.11 (11812004)|CUMULATIVE_LIMIT_USAGE
16:05:55.11 (11812004)|LIMIT_USAGE_FOR_NS|(default)|
  Number of SOQL queries: 0 out of 100
  Number of query rows: 0 out of 50000
  Number of SOSL queries: 0 out of 20
  Number of DML statements: 0 out of 150
  Number of Publish Immediate DML: 0 out of 150
  Number of DML rows: 0 out of 10000
  Maximum CPU time: 0 out of 10000
  Maximum heap size: 0 out of 6000000
  Number of callouts: 0 out of 100
  Number of Email Invocations: 0 out of 10
  Number of future calls: 0 out of 50
  Number of queueable jobs added to the queue: 0 out of 50
  Number of Mobile Apex push calls: 0 out of 10

16:05:55.11 (11812004)|CUMULATIVE_LIMIT_USAGE_END

16:05:55.5 (11850824)|CODE_UNIT_FINISHED|JIRAVersionJSON_Test.testParse()
16:05:55.5 (11860258)|EXECUTION_FINISHED
